<?xml version="1.0" encoding="UTF-8"?>
<!-- Generated by org.testng.reporters.JUnitXMLReporter -->
<testsuite ignored="0" hostname="Goku" failures="0" tests="4" name="Default test" time="8.789" errors="0" timestamp="2024-09-30T22:41:31 IST">
  <testcase classname="com.qa.petstore.test.UserTests" name="testPostUser" time="3.413"/>
  <testcase classname="com.qa.petstore.test.UserTests" name="testGetUserByName" time="1.398"/>
  <testcase classname="com.qa.petstore.test.UserTests" name="testUpdateUser" time="2.424"/>
  <testcase classname="com.qa.petstore.test.UserTests" name="testDeleteUserByName" time="1.235"/>
</testsuite> <!-- Default test -->
