<?xml version="1.0" encoding="UTF-8"?>
<!-- Generated by org.testng.reporters.JUnitXMLReporter -->
<testsuite ignored="0" hostname="Goku" failures="0" tests="4" name="Test" time="8.938" errors="0" timestamp="2024-10-02T18:07:26 IST">
  <testcase classname="com.qa.petstore.test.User1Tests" name="testPostUser" time="3.271"/>
  <testcase classname="com.qa.petstore.test.User1Tests" name="testGetUserByName" time="1.191"/>
  <testcase classname="com.qa.petstore.test.User1Tests" name="testUpdateUser" time="2.241"/>
  <testcase classname="com.qa.petstore.test.User1Tests" name="testDeleteUserByName" time="1.102"/>
</testsuite> <!-- Test -->
