<?xml version="1.0" encoding="UTF-8"?>
<!-- Generated by org.testng.reporters.JUnitXMLReporter -->
<testsuite ignored="0" hostname="Goku" failures="0" tests="8" name="Test" time="16.867" errors="0" timestamp="2024-10-02T21:26:45 IST">
  <testcase classname="com.qa.petstore.test.User1Tests" name="testPostUser" time="3.148"/>
  <testcase classname="com.qa.petstore.test.User1Tests" name="testGetUserByName" time="1.375"/>
  <testcase classname="com.qa.petstore.test.User1Tests" name="testUpdateUser" time="4.828"/>
  <testcase classname="com.qa.petstore.test.User1Tests" name="testDeleteUserByName" time="1.109"/>
  <testcase classname="com.qa.petstore.test.UserTests" name="testPostUser" time="1.125"/>
  <testcase classname="com.qa.petstore.test.UserTests" name="testGetUserByName" time="1.062"/>
  <testcase classname="com.qa.petstore.test.UserTests" name="testUpdateUser" time="2.297"/>
  <testcase classname="com.qa.petstore.test.UserTests" name="testDeleteUserByName" time="1.125"/>
</testsuite> <!-- Test -->
