<?xml version="1.0" encoding="UTF-8"?>
<testng-results ignored="0" total="8" passed="8" failed="0" skipped="0">
  <reporter-output>
  </reporter-output>
  <suite started-at="2024-10-02T21:26:28 IST" name="Suite" finished-at="2024-10-02T21:26:44 IST" duration-ms="16867">
    <groups>
    </groups>
    <test started-at="2024-10-02T21:26:28 IST" name="Test" finished-at="2024-10-02T21:26:44 IST" duration-ms="16867">
      <class name="com.qa.petstore.test.User1Tests">
        <test-method is-config="true" signature="setupData()[pri:0, instance:com.qa.petstore.test.User1Tests@55182842]" started-at="2024-10-02T21:26:28 IST" name="setupData" finished-at="2024-10-02T21:26:28 IST" duration-ms="578" status="PASS">
          <reporter-output>
          </reporter-output>
        </test-method> <!-- setupData -->
        <test-method signature="testPostUser()[pri:1, instance:com.qa.petstore.test.User1Tests@55182842]" started-at="2024-10-02T21:26:28 IST" name="testPostUser" finished-at="2024-10-02T21:26:31 IST" duration-ms="3148" status="PASS">
          <reporter-output>
          </reporter-output>
        </test-method> <!-- testPostUser -->
        <test-method signature="testGetUserByName()[pri:2, instance:com.qa.petstore.test.User1Tests@55182842]" started-at="2024-10-02T21:26:31 IST" name="testGetUserByName" finished-at="2024-10-02T21:26:33 IST" duration-ms="1375" status="PASS">
          <reporter-output>
          </reporter-output>
        </test-method> <!-- testGetUserByName -->
        <test-method signature="testUpdateUser()[pri:3, instance:com.qa.petstore.test.User1Tests@55182842]" started-at="2024-10-02T21:26:33 IST" name="testUpdateUser" finished-at="2024-10-02T21:26:38 IST" duration-ms="4828" status="PASS">
          <reporter-output>
          </reporter-output>
        </test-method> <!-- testUpdateUser -->
        <test-method signature="testDeleteUserByName()[pri:4, instance:com.qa.petstore.test.User1Tests@55182842]" started-at="2024-10-02T21:26:38 IST" name="testDeleteUserByName" finished-at="2024-10-02T21:26:39 IST" duration-ms="1109" status="PASS">
          <reporter-output>
          </reporter-output>
        </test-method> <!-- testDeleteUserByName -->
      </class> <!-- com.qa.petstore.test.User1Tests -->
      <class name="com.qa.petstore.test.UserTests">
        <test-method is-config="true" signature="setupData()[pri:0, instance:com.qa.petstore.test.UserTests@14cd1699]" started-at="2024-10-02T21:26:39 IST" name="setupData" finished-at="2024-10-02T21:26:39 IST" duration-ms="32" status="PASS">
          <reporter-output>
          </reporter-output>
        </test-method> <!-- setupData -->
        <test-method signature="testPostUser()[pri:1, instance:com.qa.petstore.test.UserTests@14cd1699]" started-at="2024-10-02T21:26:39 IST" name="testPostUser" finished-at="2024-10-02T21:26:40 IST" duration-ms="1125" status="PASS">
          <reporter-output>
          </reporter-output>
        </test-method> <!-- testPostUser -->
        <test-method signature="testGetUserByName()[pri:2, instance:com.qa.petstore.test.UserTests@14cd1699]" started-at="2024-10-02T21:26:40 IST" name="testGetUserByName" finished-at="2024-10-02T21:26:41 IST" duration-ms="1062" status="PASS">
          <reporter-output>
          </reporter-output>
        </test-method> <!-- testGetUserByName -->
        <test-method signature="testUpdateUser()[pri:3, instance:com.qa.petstore.test.UserTests@14cd1699]" started-at="2024-10-02T21:26:41 IST" name="testUpdateUser" finished-at="2024-10-02T21:26:43 IST" duration-ms="2297" status="PASS">
          <reporter-output>
          </reporter-output>
        </test-method> <!-- testUpdateUser -->
        <test-method signature="testDeleteUserByName()[pri:4, instance:com.qa.petstore.test.UserTests@14cd1699]" started-at="2024-10-02T21:26:43 IST" name="testDeleteUserByName" finished-at="2024-10-02T21:26:44 IST" duration-ms="1125" status="PASS">
          <reporter-output>
          </reporter-output>
        </test-method> <!-- testDeleteUserByName -->
      </class> <!-- com.qa.petstore.test.UserTests -->
    </test> <!-- Test -->
  </suite> <!-- Suite -->
</testng-results>
