<?xml version="1.0" encoding="UTF-8"?>
<testng-results ignored="0" total="4" passed="4" failed="0" skipped="0">
  <reporter-output>
  </reporter-output>
  <suite started-at="2024-10-02T18:07:17 IST" name="Suite" finished-at="2024-10-02T18:07:26 IST" duration-ms="8938">
    <groups>
    </groups>
    <test started-at="2024-10-02T18:07:17 IST" name="Test" finished-at="2024-10-02T18:07:26 IST" duration-ms="8938">
      <class name="com.qa.petstore.test.User1Tests">
        <test-method is-config="true" signature="setupData()[pri:0, instance:com.qa.petstore.test.User1Tests@692f203f]" started-at="2024-10-02T18:07:17 IST" name="setupData" finished-at="2024-10-02T18:07:18 IST" duration-ms="799" status="PASS">
          <reporter-output>
          </reporter-output>
        </test-method> <!-- setupData -->
        <test-method signature="testPostUser()[pri:1, instance:com.qa.petstore.test.User1Tests@692f203f]" started-at="2024-10-02T18:07:18 IST" name="testPostUser" finished-at="2024-10-02T18:07:21 IST" duration-ms="3271" status="PASS">
          <reporter-output>
          </reporter-output>
        </test-method> <!-- testPostUser -->
        <test-method signature="testGetUserByName()[pri:2, instance:com.qa.petstore.test.User1Tests@692f203f]" started-at="2024-10-02T18:07:21 IST" name="testGetUserByName" finished-at="2024-10-02T18:07:22 IST" duration-ms="1191" status="PASS">
          <reporter-output>
          </reporter-output>
        </test-method> <!-- testGetUserByName -->
        <test-method signature="testUpdateUser()[pri:3, instance:com.qa.petstore.test.User1Tests@692f203f]" started-at="2024-10-02T18:07:22 IST" name="testUpdateUser" finished-at="2024-10-02T18:07:25 IST" duration-ms="2241" status="PASS">
          <reporter-output>
          </reporter-output>
        </test-method> <!-- testUpdateUser -->
        <test-method signature="testDeleteUserByName()[pri:4, instance:com.qa.petstore.test.User1Tests@692f203f]" started-at="2024-10-02T18:07:25 IST" name="testDeleteUserByName" finished-at="2024-10-02T18:07:26 IST" duration-ms="1102" status="PASS">
          <reporter-output>
          </reporter-output>
        </test-method> <!-- testDeleteUserByName -->
      </class> <!-- com.qa.petstore.test.User1Tests -->
    </test> <!-- Test -->
  </suite> <!-- Suite -->
</testng-results>
